<?xml version="1.0" encoding="UTF-8"?>
<!-- Generated by org.testng.reporters.JUnitReportReporter -->
<testsuite hostname="5CD143JL38" failures="0" tests="1" name="tutorialsNinja.Register.Tc_RF_001" time="12.347" errors="0" timestamp="2024-12-15T19:52:50 IST" skipped="0">
  <testcase classname="tutorialsNinja.Register.Tc_RF_001" name="verifyRegisterWithMandatoryFields" time="12.347"/>
</testsuite> <!-- tutorialsNinja.Register.Tc_RF_001 -->
