<?xml version="1.0" encoding="UTF-8"?>
<!-- Generated by org.testng.reporters.JUnitReportReporter -->
<testsuite hostname="5CD143JL38" failures="0" tests="1" name="tutorialsNinja.Register.TC_RF_002" time="12.917" errors="0" timestamp="2024-12-16T15:27:22 IST" skipped="0">
  <testcase classname="tutorialsNinja.Register.TC_RF_002" name="verifyRegisterAccountWithAllFields" time="12.917"/>
</testsuite> <!-- tutorialsNinja.Register.TC_RF_002 -->
